<?xml version="1.0" encoding="UTF-8"?>
<testng-results skipped="0" failed="0" total="1" passed="1">
  <reporter-output>
  </reporter-output>
  <suite name="Default suite" duration-ms="216544" started-at="2016-05-21T02:38:06Z" finished-at="2016-05-21T02:41:42Z">
    <groups>
    </groups>
    <test name="Default test" duration-ms="216544" started-at="2016-05-21T02:38:06Z" finished-at="2016-05-21T02:41:42Z">
      <class name="CardsVerification.PracticeTest">
        <test-method status="PASS" signature="reportFileBirth()[pri:0, instance:CardsVerification.PracticeTest@5f9b2141]" name="reportFileBirth" is-config="true" duration-ms="15" started-at="2016-05-20T22:38:06Z" finished-at="2016-05-20T22:38:06Z">
          <reporter-output>
          </reporter-output>
        </test-method> <!-- reportFileBirth -->
        <test-method status="PASS" signature="multipleVerification()[pri:0, instance:CardsVerification.PracticeTest@5f9b2141]" name="multipleVerification" duration-ms="207737" started-at="2016-05-20T22:38:06Z" finished-at="2016-05-20T22:41:34Z">
          <reporter-output>
          </reporter-output>
        </test-method> <!-- multipleVerification -->
        <test-method status="PASS" signature="reportGeneration()[pri:0, instance:CardsVerification.PracticeTest@5f9b2141]" name="reportGeneration" is-config="true" duration-ms="8757" started-at="2016-05-20T22:41:34Z" finished-at="2016-05-20T22:41:42Z">
          <reporter-output>
          </reporter-output>
        </test-method> <!-- reportGeneration -->
      </class> <!-- CardsVerification.PracticeTest -->
    </test> <!-- Default test -->
  </suite> <!-- Default suite -->
</testng-results>
