<?xml version="1.0" encoding="UTF-8"?>
<testng-results skipped="0" failed="0" total="1" passed="1">
  <reporter-output>
  </reporter-output>
  <suite name="Default suite" duration-ms="216582" started-at="2016-05-21T04:53:40Z" finished-at="2016-05-21T04:57:16Z">
    <groups>
    </groups>
    <test name="Default test" duration-ms="216582" started-at="2016-05-21T04:53:40Z" finished-at="2016-05-21T04:57:16Z">
      <class name="CardsVerification.PracticeTest">
        <test-method status="PASS" signature="reportFileBirth()[pri:0, instance:CardsVerification.PracticeTest@a2431d0]" name="reportFileBirth" is-config="true" duration-ms="13" started-at="2016-05-21T00:53:40Z" finished-at="2016-05-21T00:53:40Z">
          <reporter-output>
          </reporter-output>
        </test-method> <!-- reportFileBirth -->
        <test-method status="PASS" signature="multipleVerification()[pri:0, instance:CardsVerification.PracticeTest@a2431d0]" name="multipleVerification" duration-ms="211541" started-at="2016-05-21T00:53:40Z" finished-at="2016-05-21T00:57:11Z">
          <reporter-output>
          </reporter-output>
        </test-method> <!-- multipleVerification -->
        <test-method status="PASS" signature="reportGeneration()[pri:0, instance:CardsVerification.PracticeTest@a2431d0]" name="reportGeneration" is-config="true" duration-ms="4966" started-at="2016-05-21T00:57:11Z" finished-at="2016-05-21T00:57:16Z">
          <reporter-output>
          </reporter-output>
        </test-method> <!-- reportGeneration -->
      </class> <!-- CardsVerification.PracticeTest -->
    </test> <!-- Default test -->
  </suite> <!-- Default suite -->
</testng-results>
